<?xml version="1.0" encoding="UTF-8"?>
<!-- Generated by org.testng.reporters.JUnitReportReporter -->
<testsuite hostname="Lathavya-pc" name="test.Filpkartflow" tests="3" failures="0" timestamp="4 Feb 2019 13:27:29 GMT" time="34.482" errors="0">
  <testcase name="BasicFlow" time="10.251" classname="test.Filpkartflow"/>
  <testcase name="BasicFlow" time="10.838" classname="test.Filpkartflow"/>
  <testcase name="BasicFlow" time="13.393" classname="test.Filpkartflow"/>
</testsuite> <!-- test.Filpkartflow -->
